<?xml version="1.0" encoding="UTF-8"?>
<!-- Generated by org.testng.reporters.JUnitReportReporter -->
<testsuite hostname="DESKTOP-QSB5F2C" failures="0" tests="1" name="tests.TC1_TestsExamples" time="23.163" errors="0" timestamp="2022-06-29T16:12:20 IST" skipped="0">
  <testcase classname="tests.TC1_TestsExamples" name="test_1" time="23.163"/>
  <system-out/>
</testsuite> <!-- tests.TC1_TestsExamples -->
