<?xml version="1.0" encoding="UTF-8"?>
<!-- Generated by org.testng.reporters.JUnitReportReporter -->
<testsuite hostname="DESKTOP-QSB5F2C" failures="0" tests="1" name="tests.TC3_GetAndPostExamples" time="5.542" errors="0" timestamp="2022-06-28T09:42:37 IST" skipped="0">
  <testcase classname="tests.TC3_GetAndPostExamples" name="testGet" time="5.542"/>
  <system-out/>
</testsuite> <!-- tests.TC3_GetAndPostExamples -->
