<?xml version="1.0" encoding="UTF-8"?>
<!-- Generated by org.testng.reporters.JUnitReportReporter -->
<testsuite hostname="DESKTOP-QSB5F2C" failures="0" tests="1" name="tests.TC7_Traveloka_API_IssueRequest" time="10.832" errors="0" timestamp="2022-08-31T12:13:10 IST" skipped="0">
  <testcase classname="tests.TC7_Traveloka_API_IssueRequest" name="issueCheckRequest" time="10.832"/>
  <system-out/>
</testsuite> <!-- tests.TC7_Traveloka_API_IssueRequest -->
