<?xml version="1.0" encoding="UTF-8"?>
<!-- Generated by org.testng.reporters.JUnitReportReporter -->
<testsuite hostname="DESKTOP-QSB5F2C" failures="0" tests="1" name="tests.Learning" time="21.613" errors="0" timestamp="2022-07-01T11:31:59 IST" skipped="0">
  <testcase classname="tests.Learning" name="Post" time="21.613"/>
  <system-out/>
</testsuite> <!-- tests.Learning -->
