<?xml version="1.0" encoding="UTF-8"?>
<!-- Generated by org.testng.reporters.JUnitReportReporter -->
<testsuite hostname="DESKTOP-QSB5F2C" failures="0" tests="3" name="tests.TC4_PutPatchAndDeleteExamples" time="7.019" errors="0" timestamp="2022-06-22T07:47:32 IST" skipped="0">
  <testcase classname="tests.TC4_PutPatchAndDeleteExamples" name="testDelete" time="4.936"/>
  <system-out/>
  <testcase classname="tests.TC4_PutPatchAndDeleteExamples" name="testPatch" time="1.325"/>
  <system-out/>
  <testcase classname="tests.TC4_PutPatchAndDeleteExamples" name="testPut" time="0.758"/>
  <system-out/>
</testsuite> <!-- tests.TC4_PutPatchAndDeleteExamples -->
