<?xml version="1.0" encoding="UTF-8"?>
<!-- Generated by org.testng.reporters.JUnitReportReporter -->
<testsuite hostname="DESKTOP-QSB5F2C" failures="0" tests="2" name="tests.TC2_TestsExamples" time="6.401" errors="0" timestamp="2022-06-20T23:31:57 IST" skipped="0">
  <testcase classname="tests.TC2_TestsExamples" name="test_2" time="2.557"/>
  <system-out/>
  <testcase classname="tests.TC2_TestsExamples" name="test_1" time="3.844"/>
  <system-out/>
</testsuite> <!-- tests.TC2_TestsExamples -->
