<?xml version="1.0" encoding="UTF-8"?>
<!-- Generated by org.testng.reporters.JUnitReportReporter -->
<testsuite hostname="DESKTOP-QSB5F2C" failures="0" tests="1" name="tests.TC7_Learning" time="6.176" errors="0" timestamp="2022-06-28T11:44:51 IST" skipped="0">
  <testcase classname="tests.TC7_Learning" name="issueCheckRequest" time="6.176"/>
  <system-out/>
</testsuite> <!-- tests.TC7_Learning -->
