<?xml version="1.0" encoding="UTF-8"?>
<!-- Generated by org.testng.reporters.JUnitReportReporter -->
<testsuite hostname="DESKTOP-QSB5F2C" failures="0" tests="1" name="tests.TC5_TestsOnLocalAPI" time="12.616" errors="0" timestamp="2022-06-22T13:18:48 IST" skipped="0">
  <testcase classname="tests.TC5_TestsOnLocalAPI" name="delete" time="12.616"/>
  <system-out/>
</testsuite> <!-- tests.TC5_TestsOnLocalAPI -->
