<?xml version="1.0" encoding="UTF-8"?>
<!-- Generated by org.testng.reporters.JUnitReportReporter -->
<testsuite hostname="DESKTOP-QSB5F2C" failures="0" tests="1" name="tests.TC6_JsonSchemaValidator" time="23.468" errors="0" timestamp="2022-06-28T11:32:38 IST" skipped="0">
  <testcase classname="tests.TC6_JsonSchemaValidator" name="testGet" time="23.468"/>
  <system-out/>
</testsuite> <!-- tests.TC6_JsonSchemaValidator -->
