<?xml version="1.0" encoding="UTF-8"?>
<!-- Generated by org.testng.reporters.JUnitReportReporter -->
<testsuite hostname="DESKTOP-QSB5F2C" failures="0" tests="2" name="tests.TC2_TestsExamples" time="9.991" errors="0" timestamp="2022-06-29T16:15:07 IST" skipped="0">
  <testcase classname="tests.TC2_TestsExamples" name="test_1" time="6.995"/>
  <system-out/>
  <testcase classname="tests.TC2_TestsExamples" name="test_2" time="2.996"/>
  <system-out/>
</testsuite> <!-- tests.TC2_TestsExamples -->
