<?xml version="1.0" encoding="UTF-8"?>
<!-- Generated by org.testng.reporters.JUnitReportReporter -->
<testsuite hostname="DESKTOP-QSB5F2C" failures="0" tests="2" name="tests.TC4_PutPatchAndDeleteExamples" time="9.244" errors="0" timestamp="2022-07-01T12:02:00 IST" skipped="0">
  <testcase classname="tests.TC4_PutPatchAndDeleteExamples" name="testPatch" time="0.894"/>
  <system-out/>
  <testcase classname="tests.TC4_PutPatchAndDeleteExamples" name="testDelete" time="8.350"/>
  <system-out/>
</testsuite> <!-- tests.TC4_PutPatchAndDeleteExamples -->
