<?xml version="1.0" encoding="UTF-8"?>
<!-- Generated by org.testng.reporters.JUnitReportReporter -->
<testsuite hostname="DESKTOP-QSB5F2C" failures="0" tests="1" name="tests.TC1_TestsExamples" time="7.162" errors="0" timestamp="2022-06-23T08:32:09 IST" skipped="0">
  <testcase classname="tests.TC1_TestsExamples" name="test_1" time="7.162"/>
  <system-out/>
</testsuite> <!-- tests.TC1_TestsExamples -->
